[debug] [2023-04-03T04:33:08.482Z] ----------------------------------------------------------------------
[debug] [2023-04-03T04:33:08.485Z] Command:       /Users/currie/.nvm/versions/node/v16.17.0/bin/node /Users/currie/.nvm/versions/node/v16.17.0/bin/firebase deploy
[debug] [2023-04-03T04:33:08.485Z] CLI Version:   11.24.1
[debug] [2023-04-03T04:33:08.485Z] Platform:      darwin
[debug] [2023-04-03T04:33:08.486Z] Node Version:  v16.17.0
[debug] [2023-04-03T04:33:08.487Z] Time:          Mon Apr 03 2023 00:33:08 GMT-0400 (Eastern Daylight Time)
[debug] [2023-04-03T04:33:08.487Z] ----------------------------------------------------------------------
[debug] 
[debug] [2023-04-03T04:33:08.491Z] >>> [apiv2][query] GET https://firebase-public.firebaseio.com/cli.json [none]
[debug] [2023-04-03T04:33:08.602Z] > command requires scopes: ["email","openid","https://www.googleapis.com/auth/cloudplatformprojects.readonly","https://www.googleapis.com/auth/firebase","https://www.googleapis.com/auth/cloud-platform"]
[debug] [2023-04-03T04:33:08.603Z] > authorizing via signed-in user (carrietang117@gmail.com)
[debug] [2023-04-03T04:33:08.603Z] [iam] checking project where-s-waldo-22957 for permissions ["datastore.indexes.create","datastore.indexes.delete","datastore.indexes.list","datastore.indexes.update","firebase.projects.get","firebasehosting.sites.update","firebaserules.releases.create","firebaserules.releases.update","firebaserules.rulesets.create"]
[debug] [2023-04-03T04:33:08.604Z] > refreshing access token with scopes: []
[debug] [2023-04-03T04:33:08.605Z] >>> [apiv2][query] POST https://www.googleapis.com/oauth2/v3/token [none]
[debug] [2023-04-03T04:33:08.606Z] >>> [apiv2][body] POST https://www.googleapis.com/oauth2/v3/token [omitted]
[debug] [2023-04-03T04:33:08.767Z] <<< [apiv2][status] GET https://firebase-public.firebaseio.com/cli.json 200
[debug] [2023-04-03T04:33:08.768Z] <<< [apiv2][body] GET https://firebase-public.firebaseio.com/cli.json {"cloudBuildErrorAfter":1594252800000,"cloudBuildWarnAfter":1590019200000,"defaultNode10After":1594252800000,"minVersion":"3.0.5","node8DeploysDisabledAfter":1613390400000,"node8RuntimeDisabledAfter":1615809600000,"node8WarnAfter":1600128000000}
[debug] [2023-04-03T04:33:08.824Z] <<< [apiv2][status] POST https://www.googleapis.com/oauth2/v3/token 200
[debug] [2023-04-03T04:33:08.825Z] <<< [apiv2][body] POST https://www.googleapis.com/oauth2/v3/token [omitted]
[debug] [2023-04-03T04:33:08.854Z] >>> [apiv2][query] POST https://cloudresourcemanager.googleapis.com/v1/projects/where-s-waldo-22957:testIamPermissions [none]
[debug] [2023-04-03T04:33:08.854Z] >>> [apiv2][(partial)header] POST https://cloudresourcemanager.googleapis.com/v1/projects/where-s-waldo-22957:testIamPermissions x-goog-quota-user=projects/where-s-waldo-22957
[debug] [2023-04-03T04:33:08.854Z] >>> [apiv2][body] POST https://cloudresourcemanager.googleapis.com/v1/projects/where-s-waldo-22957:testIamPermissions {"permissions":["datastore.indexes.create","datastore.indexes.delete","datastore.indexes.list","datastore.indexes.update","firebase.projects.get","firebasehosting.sites.update","firebaserules.releases.create","firebaserules.releases.update","firebaserules.rulesets.create"]}
[debug] [2023-04-03T04:33:09.438Z] <<< [apiv2][status] POST https://cloudresourcemanager.googleapis.com/v1/projects/where-s-waldo-22957:testIamPermissions 200
[debug] [2023-04-03T04:33:09.438Z] <<< [apiv2][body] POST https://cloudresourcemanager.googleapis.com/v1/projects/where-s-waldo-22957:testIamPermissions {"permissions":["datastore.indexes.create","datastore.indexes.delete","datastore.indexes.list","datastore.indexes.update","firebase.projects.get","firebasehosting.sites.update","firebaserules.releases.create","firebaserules.releases.update","firebaserules.rulesets.create"]}
[debug] [2023-04-03T04:33:09.439Z] >>> [apiv2][query] GET https://firebase.googleapis.com/v1beta1/projects/where-s-waldo-22957 [none]
[debug] [2023-04-03T04:33:10.268Z] <<< [apiv2][status] GET https://firebase.googleapis.com/v1beta1/projects/where-s-waldo-22957 200
[debug] [2023-04-03T04:33:10.268Z] <<< [apiv2][body] GET https://firebase.googleapis.com/v1beta1/projects/where-s-waldo-22957 {"projectId":"where-s-waldo-22957","projectNumber":"972476826469","displayName":"Where's Waldo","name":"projects/where-s-waldo-22957","resources":{"hostingSite":"where-s-waldo-22957","storageBucket":"where-s-waldo-22957.appspot.com","locationId":"us-central"},"state":"ACTIVE","etag":"1_86a8faa9-f075-4162-b272-3533ffb61253"}
[info] 
[info] === Deploying to 'where-s-waldo-22957'...
[info] 
[info] i  deploying storage, firestore, hosting 
[debug] [2023-04-03T04:33:10.270Z] >>> [apiv2][query] GET https://appengine.googleapis.com/v1/apps/where-s-waldo-22957 [none]
[debug] [2023-04-03T04:33:11.496Z] <<< [apiv2][status] GET https://appengine.googleapis.com/v1/apps/where-s-waldo-22957 200
[debug] [2023-04-03T04:33:11.496Z] <<< [apiv2][body] GET https://appengine.googleapis.com/v1/apps/where-s-waldo-22957 {"name":"apps/where-s-waldo-22957","id":"where-s-waldo-22957","authDomain":"gmail.com","locationId":"us-central","codeBucket":"staging.where-s-waldo-22957.appspot.com","servingStatus":"SERVING","defaultHostname":"where-s-waldo-22957.uc.r.appspot.com","defaultBucket":"where-s-waldo-22957.appspot.com","serviceAccount":"where-s-waldo-22957@appspot.gserviceaccount.com","gcrDomain":"us.gcr.io","databaseType":"CLOUD_FIRESTORE","featureSettings":{"splitHealthChecks":true,"useContainerOptimizedOs":true}}
[info] i  firebase.storage: checking storage.rules for compilation errors... 
[debug] [2023-04-03T04:33:11.504Z] >>> [apiv2][query] POST https://firebaserules.googleapis.com/v1/projects/where-s-waldo-22957:test [none]
[debug] [2023-04-03T04:33:11.504Z] >>> [apiv2][body] POST https://firebaserules.googleapis.com/v1/projects/where-s-waldo-22957:test [omitted]
[debug] [2023-04-03T04:33:12.210Z] <<< [apiv2][status] POST https://firebaserules.googleapis.com/v1/projects/where-s-waldo-22957:test 200
[debug] [2023-04-03T04:33:12.210Z] <<< [apiv2][body] POST https://firebaserules.googleapis.com/v1/projects/where-s-waldo-22957:test {}
[info] ✔  firebase.storage: rules file storage.rules compiled successfully 
[info] i  firestore: reading indexes from firestore.indexes.json... 
[info] i  cloud.firestore: checking firestore.rules for compilation errors... 
[debug] [2023-04-03T04:33:12.219Z] >>> [apiv2][query] POST https://firebaserules.googleapis.com/v1/projects/where-s-waldo-22957:test [none]
[debug] [2023-04-03T04:33:12.219Z] >>> [apiv2][body] POST https://firebaserules.googleapis.com/v1/projects/where-s-waldo-22957:test [omitted]
[debug] [2023-04-03T04:33:12.660Z] <<< [apiv2][status] POST https://firebaserules.googleapis.com/v1/projects/where-s-waldo-22957:test 200
[debug] [2023-04-03T04:33:12.660Z] <<< [apiv2][body] POST https://firebaserules.googleapis.com/v1/projects/where-s-waldo-22957:test {}
[info] ✔  cloud.firestore: rules file firestore.rules compiled successfully 
[debug] [2023-04-03T04:33:12.662Z] >>> [apiv2][query] POST https://firebasehosting.googleapis.com/v1beta1/projects/-/sites/where-s-waldo-22957/versions [none]
[debug] [2023-04-03T04:33:12.663Z] >>> [apiv2][body] POST https://firebasehosting.googleapis.com/v1beta1/projects/-/sites/where-s-waldo-22957/versions {"status":"CREATED","labels":{"deployment-tool":"cli-firebase"}}
[debug] [2023-04-03T04:33:13.945Z] <<< [apiv2][status] POST https://firebasehosting.googleapis.com/v1beta1/projects/-/sites/where-s-waldo-22957/versions 200
[debug] [2023-04-03T04:33:13.945Z] <<< [apiv2][body] POST https://firebasehosting.googleapis.com/v1beta1/projects/-/sites/where-s-waldo-22957/versions {"name":"projects/972476826469/sites/where-s-waldo-22957/versions/5e65e78b068386fa","status":"CREATED","config":{},"labels":{"deployment-tool":"cli-firebase"}}
[debug] [2023-04-03T04:33:13.947Z] >>> [apiv2][query] GET https://firebaserules.googleapis.com/v1/projects/where-s-waldo-22957/releases pageSize=10&pageToken=
[debug] [2023-04-03T04:33:14.102Z] <<< [apiv2][status] GET https://firebaserules.googleapis.com/v1/projects/where-s-waldo-22957/releases 200
[debug] [2023-04-03T04:33:14.102Z] <<< [apiv2][body] GET https://firebaserules.googleapis.com/v1/projects/where-s-waldo-22957/releases {"releases":[{"name":"projects/where-s-waldo-22957/releases/cloud.firestore","rulesetName":"projects/where-s-waldo-22957/rulesets/6f62050e-bfd6-40ea-b258-c1c826e3895d","createTime":"2023-03-09T18:41:20.686514Z","updateTime":"2023-04-02T19:02:52.541226Z"},{"name":"projects/where-s-waldo-22957/releases/firebase.storage/where-s-waldo-22957.appspot.com","rulesetName":"projects/where-s-waldo-22957/rulesets/91277b71-7ff5-40ae-a298-d8ccd22db3e4","createTime":"2023-03-09T18:46:38.050892Z","updateTime":"2023-04-02T19:02:51.565111Z"}]}
[debug] [2023-04-03T04:33:14.117Z] >>> [apiv2][query] GET https://firebaserules.googleapis.com/v1/projects/where-s-waldo-22957/rulesets/91277b71-7ff5-40ae-a298-d8ccd22db3e4 [none]
[debug] [2023-04-03T04:33:15.188Z] <<< [apiv2][status] GET https://firebaserules.googleapis.com/v1/projects/where-s-waldo-22957/rulesets/91277b71-7ff5-40ae-a298-d8ccd22db3e4 200
[debug] [2023-04-03T04:33:15.188Z] <<< [apiv2][body] GET https://firebaserules.googleapis.com/v1/projects/where-s-waldo-22957/rulesets/91277b71-7ff5-40ae-a298-d8ccd22db3e4 [omitted]
[info] i  storage: latest version of storage.rules already up to date, skipping upload... 
[debug] [2023-04-03T04:33:15.191Z] >>> [apiv2][query] GET https://firebaserules.googleapis.com/v1/projects/where-s-waldo-22957/releases pageSize=10&pageToken=
[debug] [2023-04-03T04:33:15.193Z] >>> [apiv2][query] GET https://firestore.googleapis.com/v1/projects/where-s-waldo-22957/databases/(default)/collectionGroups/-/indexes [none]
[debug] [2023-04-03T04:33:15.786Z] <<< [apiv2][status] GET https://firebaserules.googleapis.com/v1/projects/where-s-waldo-22957/releases 200
[debug] [2023-04-03T04:33:15.786Z] <<< [apiv2][body] GET https://firebaserules.googleapis.com/v1/projects/where-s-waldo-22957/releases {"releases":[{"name":"projects/where-s-waldo-22957/releases/cloud.firestore","rulesetName":"projects/where-s-waldo-22957/rulesets/6f62050e-bfd6-40ea-b258-c1c826e3895d","createTime":"2023-03-09T18:41:20.686514Z","updateTime":"2023-04-02T19:02:52.541226Z"},{"name":"projects/where-s-waldo-22957/releases/firebase.storage/where-s-waldo-22957.appspot.com","rulesetName":"projects/where-s-waldo-22957/rulesets/91277b71-7ff5-40ae-a298-d8ccd22db3e4","createTime":"2023-03-09T18:46:38.050892Z","updateTime":"2023-04-02T19:02:51.565111Z"}]}
[debug] [2023-04-03T04:33:15.787Z] >>> [apiv2][query] GET https://firebaserules.googleapis.com/v1/projects/where-s-waldo-22957/rulesets/6f62050e-bfd6-40ea-b258-c1c826e3895d [none]
[debug] [2023-04-03T04:33:15.793Z] <<< [apiv2][status] GET https://firestore.googleapis.com/v1/projects/where-s-waldo-22957/databases/(default)/collectionGroups/-/indexes 200
[debug] [2023-04-03T04:33:15.793Z] <<< [apiv2][body] GET https://firestore.googleapis.com/v1/projects/where-s-waldo-22957/databases/(default)/collectionGroups/-/indexes {}
[debug] [2023-04-03T04:33:15.793Z] >>> [apiv2][query] GET https://firestore.googleapis.com/v1/projects/where-s-waldo-22957/databases/(default)/collectionGroups/-/fields?filter=indexConfig.usesAncestorConfig=false OR ttlConfig:* [none]
[debug] [2023-04-03T04:33:16.409Z] <<< [apiv2][status] GET https://firebaserules.googleapis.com/v1/projects/where-s-waldo-22957/rulesets/6f62050e-bfd6-40ea-b258-c1c826e3895d 200
[debug] [2023-04-03T04:33:16.409Z] <<< [apiv2][body] GET https://firebaserules.googleapis.com/v1/projects/where-s-waldo-22957/rulesets/6f62050e-bfd6-40ea-b258-c1c826e3895d [omitted]
[info] i  firestore: latest version of firestore.rules already up to date, skipping upload... 
[debug] [2023-04-03T04:33:16.410Z] <<< [apiv2][status] GET https://firestore.googleapis.com/v1/projects/where-s-waldo-22957/databases/(default)/collectionGroups/-/fields?filter=indexConfig.usesAncestorConfig=false OR ttlConfig:* 200
[debug] [2023-04-03T04:33:16.410Z] <<< [apiv2][body] GET https://firestore.googleapis.com/v1/projects/where-s-waldo-22957/databases/(default)/collectionGroups/-/fields?filter=indexConfig.usesAncestorConfig=false OR ttlConfig:* {"fields":[{"name":"projects/where-s-waldo-22957/databases/(default)/collectionGroups/__default__/fields/*","indexConfig":{"indexes":[{"queryScope":"COLLECTION","fields":[{"fieldPath":"*","order":"ASCENDING"}],"state":"READY"},{"queryScope":"COLLECTION","fields":[{"fieldPath":"*","order":"DESCENDING"}],"state":"READY"},{"queryScope":"COLLECTION","fields":[{"fieldPath":"*","arrayConfig":"CONTAINS"}],"state":"READY"}]}}]}
[info] ✔  firestore: deployed indexes in firestore.indexes.json successfully 
[info] i  hosting[where-s-waldo-22957]: beginning deploy... 
[info] i  hosting[where-s-waldo-22957]: found 21 files in build 
[debug] [2023-04-03T04:33:16.422Z] [hosting] uploading with 200 concurrency
[debug] [2023-04-03T04:33:17.201Z] [hosting] hash cache [YnVpbGQ] stored for 21 files
[debug] [2023-04-03T04:33:17.202Z] [hosting][hash queue][FINAL] {"max":752,"min":21,"avg":96.14285714285714,"active":0,"complete":21,"success":21,"errored":0,"retried":0,"total":21,"elapsed":771}
[debug] [2023-04-03T04:33:17.202Z] >>> [apiv2][query] POST https://firebasehosting.googleapis.com/v1beta1/projects/972476826469/sites/where-s-waldo-22957/versions/5e65e78b068386fa:populateFiles [none]
[debug] [2023-04-03T04:33:17.203Z] >>> [apiv2][body] POST https://firebasehosting.googleapis.com/v1beta1/projects/972476826469/sites/where-s-waldo-22957/versions/5e65e78b068386fa:populateFiles {"files":{"/asset-manifest.json":"b9e86da7d2646743d2ad5bfe0c04f0ac833ee3c6a271d1abedcf5cbee509dd32","/index.html":"4dcfc759d8e218f1097a58e6ba29baac1a2fb9fcc20a5828d03913a11e1d06f4","/404.html":"05cbc6f94d7a69ce2e29646eab13be2c884e61ba93e3094df5028866876d18b3","/robots.txt":"391d14b3c2f8c9143a27a28c7399585142228d4d1bdbe2c87ac946de411fa9a2","/static/css/main.9cd7a79e.css":"530e3947b34994817950175ee601bf2b428f211fcc50c371044ec65accbf9a16","/favicon.ico":"b72f7455f00e4e58792d2bca892abb068e2213838c0316d6b7a0d6d16acd1955","/manifest.json":"6aaf3d87dd9bb1e96f9c691c50d0ed378ed98a120a76dea78291281834cd36e9","/static/js/main.447bc925.js.LICENSE.txt":"e5c6d8d618adfa4b2c648fd6339ac0100c18a5992d8c9aa56c97b960c6fed52b","/static/css/main.9cd7a79e.css.map":"bc4dfc059f51b4dc2cdce9e9fc8f92bfbe3f9419b59c44411966d2422cc16fe0","/static/media/odlaw.d074da5222ae9db0ed98.jpg":"affbf8bbfb58400a7f2d6e0063c3185cbe6dbbe3be59610f1a4eb621a254da1d","/static/media/waldo.b60e1eed4bd700362483.jpg":"8c7d2fb4294ffde2ee8b6b944a8669b2f721068a75155f13483f373d531873fa","/static/media/wenda.90263ea57e3aabefcc7c.jpg":"ef6f731b45382b89f5ec596563c4238fbe60b706adbb238e7071318e19e7292a","/static/media/wizard.53acfd97504dceda4ff2.jpg":"cce52fec6ed0529cf2ead258be2cc1877cb681936cd8351b8e93f481cc6e0b9d","/icon.png":"8e639445d02b9dd54bc45ac0c701f81738156560f31cc7ba7985793c707be4fb","/static/media/icon.aa7b3c3e564f1527cd31.png":"8e639445d02b9dd54bc45ac0c701f81738156560f31cc7ba7985793c707be4fb","/static/js/main.447bc925.js":"b2a18d97046d60a0c36857a43afb9ac3eb5569211317578b45b97ecbdcbdb539","/static/media/one.01159be0492d22ad49fb.jpg":"e941c71282c9ccb253b81df58888f58b7e201597566230fe783446638391cee0","/static/media/two.918f2d0d42e60c7cbd08.jpg":"a4edd09a3cb504e151fb3324663e68e08631ac8a424babaab74a3db5b7c08bc7","/static/media/three.41f667eeab8ab4237890.jpg":"63af277b85b41064316673054b70b81d9df0255455e986ee63539e406966192a","/static/media/example.a7c9eb3d3bb9a5c63c35.jpg":"2188b4b6ccec521db5b94603798f1b6e7485ed198c8022142667e5f572fc8bd0","/static/js/main.447bc925.js.map":"1b46f0524418e575012f58a9f03d540a9dfcc56b28653547d63ef4d428cb0661"}}
[debug] [2023-04-03T04:33:18.438Z] <<< [apiv2][status] POST https://firebasehosting.googleapis.com/v1beta1/projects/972476826469/sites/where-s-waldo-22957/versions/5e65e78b068386fa:populateFiles 200
[debug] [2023-04-03T04:33:18.438Z] <<< [apiv2][body] POST https://firebasehosting.googleapis.com/v1beta1/projects/972476826469/sites/where-s-waldo-22957/versions/5e65e78b068386fa:populateFiles {"uploadRequiredHashes":["b2a18d97046d60a0c36857a43afb9ac3eb5569211317578b45b97ecbdcbdb539","bc4dfc059f51b4dc2cdce9e9fc8f92bfbe3f9419b59c44411966d2422cc16fe0","b9e86da7d2646743d2ad5bfe0c04f0ac833ee3c6a271d1abedcf5cbee509dd32","4dcfc759d8e218f1097a58e6ba29baac1a2fb9fcc20a5828d03913a11e1d06f4","530e3947b34994817950175ee601bf2b428f211fcc50c371044ec65accbf9a16","1b46f0524418e575012f58a9f03d540a9dfcc56b28653547d63ef4d428cb0661"],"uploadUrl":"https://upload-firebasehosting.googleapis.com/upload/sites/where-s-waldo-22957/versions/5e65e78b068386fa/files"}
[debug] [2023-04-03T04:33:18.440Z] >>> [apiv2][query] POST https://upload-firebasehosting.googleapis.com/upload/sites/where-s-waldo-22957/versions/5e65e78b068386fa/files/b2a18d97046d60a0c36857a43afb9ac3eb5569211317578b45b97ecbdcbdb539 [none]
[debug] [2023-04-03T04:33:18.440Z] >>> [apiv2][body] POST https://upload-firebasehosting.googleapis.com/upload/sites/where-s-waldo-22957/versions/5e65e78b068386fa/files/b2a18d97046d60a0c36857a43afb9ac3eb5569211317578b45b97ecbdcbdb539 [stream]
[debug] [2023-04-03T04:33:18.441Z] >>> [apiv2][query] POST https://upload-firebasehosting.googleapis.com/upload/sites/where-s-waldo-22957/versions/5e65e78b068386fa/files/bc4dfc059f51b4dc2cdce9e9fc8f92bfbe3f9419b59c44411966d2422cc16fe0 [none]
[debug] [2023-04-03T04:33:18.441Z] >>> [apiv2][body] POST https://upload-firebasehosting.googleapis.com/upload/sites/where-s-waldo-22957/versions/5e65e78b068386fa/files/bc4dfc059f51b4dc2cdce9e9fc8f92bfbe3f9419b59c44411966d2422cc16fe0 [stream]
[debug] [2023-04-03T04:33:18.442Z] >>> [apiv2][query] POST https://upload-firebasehosting.googleapis.com/upload/sites/where-s-waldo-22957/versions/5e65e78b068386fa/files/b9e86da7d2646743d2ad5bfe0c04f0ac833ee3c6a271d1abedcf5cbee509dd32 [none]
[debug] [2023-04-03T04:33:18.442Z] >>> [apiv2][body] POST https://upload-firebasehosting.googleapis.com/upload/sites/where-s-waldo-22957/versions/5e65e78b068386fa/files/b9e86da7d2646743d2ad5bfe0c04f0ac833ee3c6a271d1abedcf5cbee509dd32 [stream]
[debug] [2023-04-03T04:33:18.444Z] >>> [apiv2][query] POST https://upload-firebasehosting.googleapis.com/upload/sites/where-s-waldo-22957/versions/5e65e78b068386fa/files/4dcfc759d8e218f1097a58e6ba29baac1a2fb9fcc20a5828d03913a11e1d06f4 [none]
[debug] [2023-04-03T04:33:18.444Z] >>> [apiv2][body] POST https://upload-firebasehosting.googleapis.com/upload/sites/where-s-waldo-22957/versions/5e65e78b068386fa/files/4dcfc759d8e218f1097a58e6ba29baac1a2fb9fcc20a5828d03913a11e1d06f4 [stream]
[debug] [2023-04-03T04:33:18.445Z] >>> [apiv2][query] POST https://upload-firebasehosting.googleapis.com/upload/sites/where-s-waldo-22957/versions/5e65e78b068386fa/files/530e3947b34994817950175ee601bf2b428f211fcc50c371044ec65accbf9a16 [none]
[debug] [2023-04-03T04:33:18.445Z] >>> [apiv2][body] POST https://upload-firebasehosting.googleapis.com/upload/sites/where-s-waldo-22957/versions/5e65e78b068386fa/files/530e3947b34994817950175ee601bf2b428f211fcc50c371044ec65accbf9a16 [stream]
[debug] [2023-04-03T04:33:18.446Z] >>> [apiv2][query] POST https://upload-firebasehosting.googleapis.com/upload/sites/where-s-waldo-22957/versions/5e65e78b068386fa/files/1b46f0524418e575012f58a9f03d540a9dfcc56b28653547d63ef4d428cb0661 [none]
[debug] [2023-04-03T04:33:18.446Z] >>> [apiv2][body] POST https://upload-firebasehosting.googleapis.com/upload/sites/where-s-waldo-22957/versions/5e65e78b068386fa/files/1b46f0524418e575012f58a9f03d540a9dfcc56b28653547d63ef4d428cb0661 [stream]
[debug] [2023-04-03T04:33:18.447Z] [hosting][populate queue][FINAL] {"max":1253,"min":1253,"avg":1253,"active":0,"complete":1,"success":1,"errored":0,"retried":0,"total":1,"elapsed":1261}
[debug] [2023-04-03T04:33:18.447Z] [hosting] uploads queued: 6
[debug] [2023-04-03T04:33:19.170Z] <<< [apiv2][status] POST https://upload-firebasehosting.googleapis.com/upload/sites/where-s-waldo-22957/versions/5e65e78b068386fa/files/b2a18d97046d60a0c36857a43afb9ac3eb5569211317578b45b97ecbdcbdb539 200
[debug] [2023-04-03T04:33:19.170Z] <<< [apiv2][body] POST https://upload-firebasehosting.googleapis.com/upload/sites/where-s-waldo-22957/versions/5e65e78b068386fa/files/b2a18d97046d60a0c36857a43afb9ac3eb5569211317578b45b97ecbdcbdb539 [stream]
[debug] [2023-04-03T04:33:19.171Z] <<< [apiv2][status] POST https://upload-firebasehosting.googleapis.com/upload/sites/where-s-waldo-22957/versions/5e65e78b068386fa/files/b9e86da7d2646743d2ad5bfe0c04f0ac833ee3c6a271d1abedcf5cbee509dd32 200
[debug] [2023-04-03T04:33:19.171Z] <<< [apiv2][body] POST https://upload-firebasehosting.googleapis.com/upload/sites/where-s-waldo-22957/versions/5e65e78b068386fa/files/b9e86da7d2646743d2ad5bfe0c04f0ac833ee3c6a271d1abedcf5cbee509dd32 [stream]
[debug] [2023-04-03T04:33:19.178Z] <<< [apiv2][status] POST https://upload-firebasehosting.googleapis.com/upload/sites/where-s-waldo-22957/versions/5e65e78b068386fa/files/4dcfc759d8e218f1097a58e6ba29baac1a2fb9fcc20a5828d03913a11e1d06f4 200
[debug] [2023-04-03T04:33:19.178Z] <<< [apiv2][body] POST https://upload-firebasehosting.googleapis.com/upload/sites/where-s-waldo-22957/versions/5e65e78b068386fa/files/4dcfc759d8e218f1097a58e6ba29baac1a2fb9fcc20a5828d03913a11e1d06f4 [stream]
[debug] [2023-04-03T04:33:19.183Z] <<< [apiv2][status] POST https://upload-firebasehosting.googleapis.com/upload/sites/where-s-waldo-22957/versions/5e65e78b068386fa/files/bc4dfc059f51b4dc2cdce9e9fc8f92bfbe3f9419b59c44411966d2422cc16fe0 200
[debug] [2023-04-03T04:33:19.183Z] <<< [apiv2][body] POST https://upload-firebasehosting.googleapis.com/upload/sites/where-s-waldo-22957/versions/5e65e78b068386fa/files/bc4dfc059f51b4dc2cdce9e9fc8f92bfbe3f9419b59c44411966d2422cc16fe0 [stream]
[debug] [2023-04-03T04:33:19.260Z] <<< [apiv2][status] POST https://upload-firebasehosting.googleapis.com/upload/sites/where-s-waldo-22957/versions/5e65e78b068386fa/files/530e3947b34994817950175ee601bf2b428f211fcc50c371044ec65accbf9a16 200
[debug] [2023-04-03T04:33:19.260Z] <<< [apiv2][body] POST https://upload-firebasehosting.googleapis.com/upload/sites/where-s-waldo-22957/versions/5e65e78b068386fa/files/530e3947b34994817950175ee601bf2b428f211fcc50c371044ec65accbf9a16 [stream]
[debug] [2023-04-03T04:33:19.676Z] <<< [apiv2][status] POST https://upload-firebasehosting.googleapis.com/upload/sites/where-s-waldo-22957/versions/5e65e78b068386fa/files/1b46f0524418e575012f58a9f03d540a9dfcc56b28653547d63ef4d428cb0661 200
[debug] [2023-04-03T04:33:19.676Z] <<< [apiv2][body] POST https://upload-firebasehosting.googleapis.com/upload/sites/where-s-waldo-22957/versions/5e65e78b068386fa/files/1b46f0524418e575012f58a9f03d540a9dfcc56b28653547d63ef4d428cb0661 [stream]
[debug] [2023-04-03T04:33:19.677Z] [hosting][upload queue][FINAL] {"max":1238,"min":732,"avg":834.5,"active":0,"complete":6,"success":6,"errored":0,"retried":0,"total":6,"elapsed":1239}
[info] ✔  hosting[where-s-waldo-22957]: file upload complete 
[debug] [2023-04-03T04:33:19.678Z] [hosting] deploy completed after 3266ms
[debug] [2023-04-03T04:33:19.679Z] [rules] releasing firebase.storage/where-s-waldo-22957.appspot.com with ruleset projects/where-s-waldo-22957/rulesets/91277b71-7ff5-40ae-a298-d8ccd22db3e4
[debug] [2023-04-03T04:33:19.679Z] >>> [apiv2][query] PATCH https://firebaserules.googleapis.com/v1/projects/where-s-waldo-22957/releases/firebase.storage/where-s-waldo-22957.appspot.com [none]
[debug] [2023-04-03T04:33:19.679Z] >>> [apiv2][body] PATCH https://firebaserules.googleapis.com/v1/projects/where-s-waldo-22957/releases/firebase.storage/where-s-waldo-22957.appspot.com {"release":{"name":"projects/where-s-waldo-22957/releases/firebase.storage/where-s-waldo-22957.appspot.com","rulesetName":"projects/where-s-waldo-22957/rulesets/91277b71-7ff5-40ae-a298-d8ccd22db3e4"}}
[debug] [2023-04-03T04:33:20.649Z] <<< [apiv2][status] PATCH https://firebaserules.googleapis.com/v1/projects/where-s-waldo-22957/releases/firebase.storage/where-s-waldo-22957.appspot.com 200
[debug] [2023-04-03T04:33:20.649Z] <<< [apiv2][body] PATCH https://firebaserules.googleapis.com/v1/projects/where-s-waldo-22957/releases/firebase.storage/where-s-waldo-22957.appspot.com {"name":"projects/where-s-waldo-22957/releases/firebase.storage/where-s-waldo-22957.appspot.com","rulesetName":"projects/where-s-waldo-22957/rulesets/91277b71-7ff5-40ae-a298-d8ccd22db3e4","createTime":"2023-03-09T18:46:38.050892Z","updateTime":"2023-04-03T04:33:20.177281Z"}
[debug] [2023-04-03T04:33:20.649Z] [rules] updated release projects/where-s-waldo-22957/releases/firebase.storage/where-s-waldo-22957.appspot.com
[info] ✔  storage: released rules storage.rules to firebase.storage 
[debug] [2023-04-03T04:33:20.650Z] [rules] releasing cloud.firestore with ruleset projects/where-s-waldo-22957/rulesets/6f62050e-bfd6-40ea-b258-c1c826e3895d
[debug] [2023-04-03T04:33:20.650Z] >>> [apiv2][query] PATCH https://firebaserules.googleapis.com/v1/projects/where-s-waldo-22957/releases/cloud.firestore [none]
[debug] [2023-04-03T04:33:20.650Z] >>> [apiv2][body] PATCH https://firebaserules.googleapis.com/v1/projects/where-s-waldo-22957/releases/cloud.firestore {"release":{"name":"projects/where-s-waldo-22957/releases/cloud.firestore","rulesetName":"projects/where-s-waldo-22957/rulesets/6f62050e-bfd6-40ea-b258-c1c826e3895d"}}
